#
# A fatal error has been detected by the Java Runtime Environment:
#
#  SIGSEGV (0xb) at pc=0x00007fad28e4cc76, pid=30602, tid=0x00007fad0985f700
#
# JRE version: Java(TM) SE Runtime Environment (8.0_191-b12) (build 1.8.0_191-b12)
# Java VM: Java HotSpot(TM) 64-Bit Server VM (25.191-b12 mixed mode linux-amd64 compressed oops)
# Problematic frame:
# C  [libc.so.6+0x14dc76]
#
# Failed to write core dump. Core dumps have been disabled. To enable core dumping, try "ulimit -c unlimited" before starting Java again
#
# If you would like to submit a bug report, please visit:
#   http://bugreport.java.com/bugreport/crash.jsp
# The crash happened outside the Java Virtual Machine in native code.
# See problematic frame for where to report the bug.
#

---------------  T H R E A D  ---------------

Current thread (0x00007fad207dd000):  JavaThread "dw-19 - POST /" [_thread_in_native, id=30626, stack(0x00007fad0975f000,0x00007fad09860000)]

siginfo: si_signo: 11 (SIGSEGV), si_code: 2 (SEGV_ACCERR), si_addr: 0x00007fad0b09f000

Registers:
RAX=0x00007fac9c0042c0, RBX=0x00007fad201e5c70, RCX=0x0000000000004222, RDX=0x0000000000004900
RSP=0x00007fad0985a8d8, RBP=0x00007fad0985a950, RSI=0x00007fad0b09f000, RDI=0x00007fac9c00499e
R8 =0x00007fac9c0000a8, R9 =0x00007fac9c0042c0, R10=0x00007fac9c000078, R11=0x00007fac9c000078
R12=0x00000000b022954e, R13=0x0000000000004900, R14=0x00007fac9c004270, R15=0x00007fad0b09e8f4
RIP=0x00007fad28e4cc76, EFLAGS=0x0000000000010287, CSGSFS=0x002b000000000033, ERR=0x0000000000000004
  TRAPNO=0x000000000000000e

Top of Stack: (sp=0x00007fad0985a8d8)
0x00007fad0985a8d8:   00007fad26981cfa 00000001115e71d0
0x00007fad0985a8e8:   00000000000003d8 0000000000000000
0x00007fad0985a8f8:   00007fad00000000 0000000000000000
0x00007fad0985a908:   000000000000411c 0000000000004900
0x00007fad0985a918:   0000000000004400 0000000000000044
0x00007fad0985a928:   00007fad201d72a0 0000000000000044
0x00007fad0985a938:   00000000329d5226 00007fad201e5c70
0x00007fad0985a948:   0000000001e7f430 00007fad0985a9a0
0x00007fad0985a958:   00007fad269828fe 01007fad00000044
0x00007fad0985a968:   00007fad0985a9c0 00007fad115e7340
0x00007fad0985a978:   0000000000000044 00007fad207dd1f8
0x00007fad0985a988:   00007fad0985ae18 00007fad0985a9c0
0x00007fad0985a998:   00007fad201e5c70 00007fad0985ae00
0x00007fad0985a9a8:   00007fad269739f6 00007fad0985b9d0
0x00007fad0985a9b8:   00007fad00000001 464e492d4154454d
0x00007fad0985a9c8:   656369767265732f 6c672e67726f2f73
0x00007fad0985a9d8:   2e68736966737361 692e79657372656a
0x00007fad0985a9e8:   2e6c616e7265746e 6f7475412e697073
0x00007fad0985a9f8:   7265766f63736944 00000000656c6261
0x00007fad0985aa08:   00007fad0985b730 00000007242f3988
0x00007fad0985aa18:   00000007c000d3e8 00007fad242f3848
0x00007fad0985aa28:   00007fad207dd000 00007fad242f6f10
0x00007fad0985aa38:   00007fad242f6f30 fffffffe242f5ca8
0x00007fad0985aa48:   0000000000000000 0000000000000000
0x00007fad0985aa58:   000000000a20df18 000000000a1858c0
0x00007fad0985aa68:   00007fad0a65ffb8 00007fad28c0cd20
0x00007fad0985aa78:   00000000242f49c0 0000000300000002
0x00007fad0985aa88:   00000000242f3988 0000000000000000
0x00007fad0985aa98:   00007fad242f69c0 00007fad242f5c88
0x00007fad0985aaa8:   000000000a205d20 00007fad0a20df18
0x00007fad0985aab8:   00007fad0a205d00 00007fad242efc18
0x00007fad0985aac8:   00007fad284edfa7 00007fad0af5bdc0 

Instructions: (pc=0x00007fad28e4cc76)
0x00007fad28e4cc56:   c0 c3 0f 1f 84 00 00 00 00 00 48 8b 0d 71 65 27
0x00007fad28e4cc66:   00 48 c1 e1 03 48 39 ca 73 10 48 89 d1 48 89 d1
0x00007fad28e4cc76:   f3 a4 c3 0f 1f 80 00 00 00 00 48 8d 0c 16 c5 fe
0x00007fad28e4cc86:   6f 26 c5 fa 6f 6c 16 80 c5 fa 6f 71 90 c5 fa 6f 

Register to memory mapping:

RAX=0x00007fac9c0042c0 is an unknown value
RBX=0x00007fad201e5c70 is an unknown value
RCX=0x0000000000004222 is an unknown value
RDX=0x0000000000004900 is an unknown value
RSP=0x00007fad0985a8d8 is pointing into the stack for thread: 0x00007fad207dd000
RBP=0x00007fad0985a950 is pointing into the stack for thread: 0x00007fad207dd000
RSI=0x00007fad0b09f000 is an unknown value
RDI=0x00007fac9c00499e is an unknown value
R8 =0x00007fac9c0000a8 is an unknown value
R9 =0x00007fac9c0042c0 is an unknown value
R10=0x00007fac9c000078 is an unknown value
R11=0x00007fac9c000078 is an unknown value
R12=0x00000000b022954e is an unknown value
R13=0x0000000000004900 is an unknown value
R14=0x00007fac9c004270 is an unknown value
R15=0x00007fad0b09e8f4 is an unknown value


Stack: [0x00007fad0975f000,0x00007fad09860000],  sp=0x00007fad0985a8d8,  free space=1006k
Native frames: (J=compiled Java code, j=interpreted, Vv=VM code, C=native code)
C  [libc.so.6+0x14dc76]
C  [libzip.so+0x128fe]  ZIP_GetEntry2+0xde
C  [libzip.so+0x39f6]  Java_java_util_zip_ZipFile_getEntry+0x76
J 249  java.util.zip.ZipFile.getEntry(J[BZ)J (0 bytes) @ 0x00007fad1118fdce [0x00007fad1118fd00+0xce]
J 280 C1 java.util.zip.ZipFile.getEntry(Ljava/lang/String;)Ljava/util/zip/ZipEntry; (101 bytes) @ 0x00007fad111a010c [0x00007fad1119fea0+0x26c]
J 369 C1 java.util.jar.JarFile.getEntry(Ljava/lang/String;)Ljava/util/zip/ZipEntry; (22 bytes) @ 0x00007fad111de7e4 [0x00007fad111de760+0x84]
J 395 C2 sun.misc.URLClassPath$JarLoader.getResource(Ljava/lang/String;Z)Lsun/misc/Resource; (85 bytes) @ 0x00007fad11206f24 [0x00007fad11206ce0+0x244]
J 1200 C1 sun.misc.URLClassPath$JarLoader.findResource(Ljava/lang/String;Z)Ljava/net/URL; (18 bytes) @ 0x00007fad113ded6c [0x00007fad113dece0+0x8c]
j  sun.misc.URLClassPath$1.next()Z+46
j  sun.misc.URLClassPath$1.hasMoreElements()Z+1
j  java.net.URLClassLoader$3$1.run()Ljava/net/URL;+7
j  java.net.URLClassLoader$3$1.run()Ljava/lang/Object;+1
v  ~StubRoutines::call_stub
V  [libjvm.so+0x6852db]  JavaCalls::call_helper(JavaValue*, methodHandle*, JavaCallArguments*, Thread*)+0xddb
V  [libjvm.so+0x6fd1a4]  JVM_DoPrivileged+0x4f4
j  java.security.AccessController.doPrivileged(Ljava/security/PrivilegedAction;Ljava/security/AccessControlContext;)Ljava/lang/Object;+0
j  java.net.URLClassLoader$3.next()Z+24
j  java.net.URLClassLoader$3.hasMoreElements()Z+1
j  sun.misc.CompoundEnumeration.next()Z+33
j  sun.misc.CompoundEnumeration.hasMoreElements()Z+1
j  org.glassfish.jersey.internal.ServiceFinder.getResources(Ljava/lang/ClassLoader;Ljava/lang/String;)Ljava/util/Enumeration;+20
j  org.glassfish.jersey.internal.ServiceFinder.access$200(Ljava/lang/ClassLoader;Ljava/lang/String;)Ljava/util/Enumeration;+2
j  org.glassfish.jersey.internal.ServiceFinder$AbstractLazyIterator.setConfigs()V+36
j  org.glassfish.jersey.internal.ServiceFinder$AbstractLazyIterator.hasNext()Z+10
j  org.glassfish.jersey.internal.ServiceFinder.toClassArray()[Ljava/lang/Class;+34
j  org.glassfish.jersey.internal.ServiceFinderBinder.configure()V+49
j  org.glassfish.hk2.utilities.binding.AbstractBinder.bind(Lorg/glassfish/hk2/api/DynamicConfiguration;)V+37
j  org.glassfish.hk2.utilities.binding.AbstractBinder.install([Lorg/glassfish/hk2/utilities/Binder;)V+23
j  org.glassfish.jersey.client.ClientBinder.configure()V+126
j  org.glassfish.hk2.utilities.binding.AbstractBinder.bind(Lorg/glassfish/hk2/api/DynamicConfiguration;)V+37
j  org.glassfish.jersey.internal.inject.Injections.bind(Lorg/glassfish/hk2/api/ServiceLocator;Lorg/glassfish/hk2/utilities/Binder;)V+32
j  org.glassfish.jersey.internal.inject.Injections._createLocator(Ljava/lang/String;Lorg/glassfish/hk2/api/ServiceLocator;[Lorg/glassfish/hk2/utilities/Binder;)Lorg/glassfish/hk2/api/ServiceLocator;+52
j  org.glassfish.jersey.internal.inject.Injections.createLocator([Lorg/glassfish/hk2/utilities/Binder;)Lorg/glassfish/hk2/api/ServiceLocator;+3
j  org.glassfish.jersey.client.ClientConfig$State.initRuntime()Lorg/glassfish/jersey/client/ClientRuntime;+31
j  org.glassfish.jersey.client.ClientConfig$State.access$000(Lorg/glassfish/jersey/client/ClientConfig$State;)Lorg/glassfish/jersey/client/ClientRuntime;+1
j  org.glassfish.jersey.client.ClientConfig$State$3.get()Lorg/glassfish/jersey/client/ClientRuntime;+4
j  org.glassfish.jersey.client.ClientConfig$State$3.get()Ljava/lang/Object;+1
j  org.glassfish.jersey.internal.util.collection.Values$LazyValueImpl.get()Ljava/lang/Object;+30
j  org.glassfish.jersey.client.ClientConfig.getRuntime()Lorg/glassfish/jersey/client/ClientRuntime;+7
j  org.glassfish.jersey.client.ClientRequest.getConfiguration()Ljavax/ws/rs/core/Configuration;+4
j  org.glassfish.jersey.client.JerseyInvocation.validateHttpMethodAndEntity(Lorg/glassfish/jersey/client/ClientRequest;)V+1
j  org.glassfish.jersey.client.JerseyInvocation.<init>(Lorg/glassfish/jersey/client/JerseyInvocation$Builder;)V+9
j  org.glassfish.jersey.client.JerseyInvocation.<init>(Lorg/glassfish/jersey/client/JerseyInvocation$Builder;Lorg/glassfish/jersey/client/JerseyInvocation$1;)V+2
j  org.glassfish.jersey.client.JerseyInvocation$Builder.method(Ljava/lang/String;)Ljavax/ws/rs/core/Response;+14
j  org.glassfish.jersey.client.JerseyInvocation$Builder.get()Ljavax/ws/rs/core/Response;+3
j  com.dota.hue.services.HttpClient.setLight()V+31
j  com.dota.hue.services.HueService.handleMapEvent(Lcom/dota/hue/api/Map;)V+26
j  com.dota.hue.resources.DotaResource.postDotaEvent(Lcom/dota/hue/resources/EventWrapper;)V+21
v  ~StubRoutines::call_stub
V  [libjvm.so+0x6852db]  JavaCalls::call_helper(JavaValue*, methodHandle*, JavaCallArguments*, Thread*)+0xddb
V  [libjvm.so+0x995a65]  Reflection::invoke(instanceKlassHandle, methodHandle, Handle, bool, objArrayHandle, BasicType, objArrayHandle, bool, Thread*)+0xb65
V  [libjvm.so+0x9973a6]  Reflection::invoke_method(oopDesc*, Handle, objArrayHandle, Thread*)+0x126
V  [libjvm.so+0x6f9fd2]  JVM_InvokeMethod+0x102
J 912  sun.reflect.NativeMethodAccessorImpl.invoke0(Ljava/lang/reflect/Method;Ljava/lang/Object;[Ljava/lang/Object;)Ljava/lang/Object; (0 bytes) @ 0x00007fad113155ad [0x00007fad113154c0+0xed]
J 911 C1 sun.reflect.NativeMethodAccessorImpl.invoke(Ljava/lang/Object;[Ljava/lang/Object;)Ljava/lang/Object; (104 bytes) @ 0x00007fad1131d454 [0x00007fad1131c280+0x11d4]
J 890 C1 sun.reflect.DelegatingMethodAccessorImpl.invoke(Ljava/lang/Object;[Ljava/lang/Object;)Ljava/lang/Object; (10 bytes) @ 0x00007fad1130d40c [0x00007fad1130d300+0x10c]
J 889 C1 java.lang.reflect.Method.invoke(Ljava/lang/Object;[Ljava/lang/Object;)Ljava/lang/Object; (62 bytes) @ 0x00007fad1130ce1c [0x00007fad1130ca20+0x3fc]
j  org.glassfish.jersey.server.model.internal.ResourceMethodInvocationHandlerFactory$1.invoke(Ljava/lang/Object;Ljava/lang/reflect/Method;[Ljava/lang/Object;)Ljava/lang/Object;+3
j  org.glassfish.jersey.server.model.internal.AbstractJavaResourceMethodDispatcher$1.run()Ljava/lang/Object;+38
j  org.glassfish.jersey.server.model.internal.AbstractJavaResourceMethodDispatcher.invoke(Lorg/glassfish/jersey/server/ContainerRequest;Ljava/lang/Object;[Ljava/lang/Object;)Ljava/lang/Object;+66
j  org.glassfish.jersey.server.model.internal.JavaResourceMethodDispatcherProvider$VoidOutInvoker.doDispatch(Ljava/lang/Object;Lorg/glassfish/jersey/server/ContainerRequest;)Ljavax/ws/rs/core/Response;+7
j  org.glassfish.jersey.server.model.internal.AbstractJavaResourceMethodDispatcher.dispatch(Ljava/lang/Object;Lorg/glassfish/jersey/server/ContainerRequest;)Ljavax/ws/rs/core/Response;+5
j  org.glassfish.jersey.server.model.ResourceMethodInvoker.invoke(Lorg/glassfish/jersey/server/internal/process/RequestProcessingContext;Ljava/lang/Object;)Ljavax/ws/rs/core/Response;+28
j  org.glassfish.jersey.server.model.ResourceMethodInvoker.apply(Lorg/glassfish/jersey/server/internal/process/RequestProcessingContext;)Lorg/glassfish/jersey/server/ContainerResponse;+97
j  org.glassfish.jersey.server.model.ResourceMethodInvoker.apply(Ljava/lang/Object;)Ljava/lang/Object;+5
j  org.glassfish.jersey.server.ServerRuntime$2.run()V+57
j  org.glassfish.jersey.internal.Errors$1.call()Ljava/lang/Void;+4
j  org.glassfish.jersey.internal.Errors$1.call()Ljava/lang/Object;+1
j  org.glassfish.jersey.internal.Errors.process(Ljava/util/concurrent/Callable;Z)Ljava/lang/Object;+36
j  org.glassfish.jersey.internal.Errors.process(Lorg/glassfish/jersey/internal/util/Producer;Z)Ljava/lang/Object;+2
j  org.glassfish.jersey.internal.Errors.process(Ljava/lang/Runnable;)V+9
j  org.glassfish.jersey.process.internal.RequestScope.runInScope(Lorg/glassfish/jersey/process/internal/RequestScope$Instance;Ljava/lang/Runnable;)V+14
j  org.glassfish.jersey.server.ServerRuntime.process(Lorg/glassfish/jersey/server/ContainerRequest;)V+177
j  org.glassfish.jersey.server.ApplicationHandler.handle(Lorg/glassfish/jersey/server/ContainerRequest;)V+13
j  org.glassfish.jersey.servlet.WebComponent.service(Ljava/net/URI;Ljava/net/URI;Ljavax/servlet/http/HttpServletRequest;Ljavax/servlet/http/HttpServletResponse;)Lorg/glassfish/jersey/internal/util/collection/Value;+119
j  org.glassfish.jersey.servlet.ServletContainer.service(Ljava/net/URI;Ljava/net/URI;Ljavax/servlet/http/HttpServletRequest;Ljavax/servlet/http/HttpServletResponse;)Lorg/glassfish/jersey/internal/util/collection/Value;+9
j  org.glassfish.jersey.servlet.ServletContainer.service(Ljavax/servlet/http/HttpServletRequest;Ljavax/servlet/http/HttpServletResponse;)V+362
j  org.glassfish.jersey.servlet.ServletContainer.service(Ljavax/servlet/ServletRequest;Ljavax/servlet/ServletResponse;)V+39
j  io.dropwizard.jetty.NonblockingServletHolder.handle(Lorg/eclipse/jetty/server/Request;Ljavax/servlet/ServletRequest;Ljavax/servlet/ServletResponse;)V+24
j  org.eclipse.jetty.servlet.ServletHandler$CachedChain.doFilter(Ljavax/servlet/ServletRequest;Ljavax/servlet/ServletResponse;)V+211
j  org.eclipse.jetty.servlets.UserAgentFilter.doFilter(Ljavax/servlet/ServletRequest;Ljavax/servlet/ServletResponse;Ljavax/servlet/FilterChain;)V+36
j  org.eclipse.jetty.servlets.GzipFilter.doFilter(Ljavax/servlet/ServletRequest;Ljavax/servlet/ServletResponse;Ljavax/servlet/FilterChain;)V+55
j  io.dropwizard.jetty.BiDiGzipFilter.doFilter(Ljavax/servlet/ServletRequest;Ljavax/servlet/ServletResponse;Ljavax/servlet/FilterChain;)V+83
j  org.eclipse.jetty.servlet.ServletHandler$CachedChain.doFilter(Ljavax/servlet/ServletRequest;Ljavax/servlet/ServletResponse;)V+103
j  io.dropwizard.servlets.ThreadNameFilter.doFilter(Ljavax/servlet/ServletRequest;Ljavax/servlet/ServletResponse;Ljavax/servlet/FilterChain;)V+33
j  org.eclipse.jetty.servlet.ServletHandler$CachedChain.doFilter(Ljavax/servlet/ServletRequest;Ljavax/servlet/ServletResponse;)V+103
j  io.dropwizard.jersey.filter.AllowedMethodsFilter.handle(Ljavax/servlet/http/HttpServletRequest;Ljavax/servlet/http/HttpServletResponse;Ljavax/servlet/FilterChain;)V+21
j  io.dropwizard.jersey.filter.AllowedMethodsFilter.doFilter(Ljavax/servlet/ServletRequest;Ljavax/servlet/ServletResponse;Ljavax/servlet/FilterChain;)V+10
j  org.eclipse.jetty.servlet.ServletHandler$CachedChain.doFilter(Ljavax/servlet/ServletRequest;Ljavax/servlet/ServletResponse;)V+103
j  org.eclipse.jetty.servlet.ServletHandler.doHandle(Ljava/lang/String;Lorg/eclipse/jetty/server/Request;Ljavax/servlet/http/HttpServletRequest;Ljavax/servlet/http/HttpServletResponse;)V+203
j  org.eclipse.jetty.server.handler.ContextHandler.doHandle(Ljava/lang/String;Lorg/eclipse/jetty/server/Request;Ljavax/servlet/http/HttpServletRequest;Ljavax/servlet/http/HttpServletResponse;)V+349
j  org.eclipse.jetty.servlet.ServletHandler.doScope(Ljava/lang/String;Lorg/eclipse/jetty/server/Request;Ljavax/servlet/http/HttpServletRequest;Ljavax/servlet/http/HttpServletResponse;)V+274
j  org.eclipse.jetty.server.handler.ContextHandler.doScope(Ljava/lang/String;Lorg/eclipse/jetty/server/Request;Ljavax/servlet/http/HttpServletRequest;Ljavax/servlet/http/HttpServletResponse;)V+437
j  org.eclipse.jetty.server.handler.ScopedHandler.handle(Ljava/lang/String;Lorg/eclipse/jetty/server/Request;Ljavax/servlet/http/HttpServletRequest;Ljavax/servlet/http/HttpServletResponse;)V+20
j  org.eclipse.jetty.server.handler.HandlerWrapper.handle(Ljava/lang/String;Lorg/eclipse/jetty/server/Request;Ljavax/servlet/http/HttpServletRequest;Ljavax/servlet/http/HttpServletResponse;)V+23
j  com.codahale.metrics.jetty9.InstrumentedHandler.handle(Ljava/lang/String;Lorg/eclipse/jetty/server/Request;Ljavax/servlet/http/HttpServletRequest;Ljavax/servlet/http/HttpServletResponse;)V+73
j  io.dropwizard.jetty.RoutingHandler.handle(Ljava/lang/String;Lorg/eclipse/jetty/server/Request;Ljavax/servlet/http/HttpServletRequest;Ljavax/servlet/http/HttpServletResponse;)V+57
j  org.eclipse.jetty.server.handler.HandlerWrapper.handle(Ljava/lang/String;Lorg/eclipse/jetty/server/Request;Ljavax/servlet/http/HttpServletRequest;Ljavax/servlet/http/HttpServletResponse;)V+23
j  org.eclipse.jetty.server.handler.RequestLogHandler.handle(Ljava/lang/String;Lorg/eclipse/jetty/server/Request;Ljavax/servlet/http/HttpServletRequest;Ljavax/servlet/http/HttpServletResponse;)V+6
j  org.eclipse.jetty.server.handler.HandlerWrapper.handle(Ljava/lang/String;Lorg/eclipse/jetty/server/Request;Ljavax/servlet/http/HttpServletRequest;Ljavax/servlet/http/HttpServletResponse;)V+23
...<more frames>...

Java frames: (J=compiled Java code, j=interpreted, Vv=VM code)
J 249  java.util.zip.ZipFile.getEntry(J[BZ)J (0 bytes) @ 0x00007fad1118fd58 [0x00007fad1118fd00+0x58]
J 280 C1 java.util.zip.ZipFile.getEntry(Ljava/lang/String;)Ljava/util/zip/ZipEntry; (101 bytes) @ 0x00007fad111a010c [0x00007fad1119fea0+0x26c]
J 369 C1 java.util.jar.JarFile.getEntry(Ljava/lang/String;)Ljava/util/zip/ZipEntry; (22 bytes) @ 0x00007fad111de7e4 [0x00007fad111de760+0x84]
J 395 C2 sun.misc.URLClassPath$JarLoader.getResource(Ljava/lang/String;Z)Lsun/misc/Resource; (85 bytes) @ 0x00007fad11206f24 [0x00007fad11206ce0+0x244]
J 1200 C1 sun.misc.URLClassPath$JarLoader.findResource(Ljava/lang/String;Z)Ljava/net/URL; (18 bytes) @ 0x00007fad113ded6c [0x00007fad113dece0+0x8c]
j  sun.misc.URLClassPath$1.next()Z+46
j  sun.misc.URLClassPath$1.hasMoreElements()Z+1
j  java.net.URLClassLoader$3$1.run()Ljava/net/URL;+7
j  java.net.URLClassLoader$3$1.run()Ljava/lang/Object;+1
v  ~StubRoutines::call_stub
j  java.security.AccessController.doPrivileged(Ljava/security/PrivilegedAction;Ljava/security/AccessControlContext;)Ljava/lang/Object;+0
j  java.net.URLClassLoader$3.next()Z+24
j  java.net.URLClassLoader$3.hasMoreElements()Z+1
j  sun.misc.CompoundEnumeration.next()Z+33
j  sun.misc.CompoundEnumeration.hasMoreElements()Z+1
j  org.glassfish.jersey.internal.ServiceFinder.getResources(Ljava/lang/ClassLoader;Ljava/lang/String;)Ljava/util/Enumeration;+20
j  org.glassfish.jersey.internal.ServiceFinder.access$200(Ljava/lang/ClassLoader;Ljava/lang/String;)Ljava/util/Enumeration;+2
j  org.glassfish.jersey.internal.ServiceFinder$AbstractLazyIterator.setConfigs()V+36
j  org.glassfish.jersey.internal.ServiceFinder$AbstractLazyIterator.hasNext()Z+10
j  org.glassfish.jersey.internal.ServiceFinder.toClassArray()[Ljava/lang/Class;+34
j  org.glassfish.jersey.internal.ServiceFinderBinder.configure()V+49
j  org.glassfish.hk2.utilities.binding.AbstractBinder.bind(Lorg/glassfish/hk2/api/DynamicConfiguration;)V+37
j  org.glassfish.hk2.utilities.binding.AbstractBinder.install([Lorg/glassfish/hk2/utilities/Binder;)V+23
j  org.glassfish.jersey.client.ClientBinder.configure()V+126
j  org.glassfish.hk2.utilities.binding.AbstractBinder.bind(Lorg/glassfish/hk2/api/DynamicConfiguration;)V+37
j  org.glassfish.jersey.internal.inject.Injections.bind(Lorg/glassfish/hk2/api/ServiceLocator;Lorg/glassfish/hk2/utilities/Binder;)V+32
j  org.glassfish.jersey.internal.inject.Injections._createLocator(Ljava/lang/String;Lorg/glassfish/hk2/api/ServiceLocator;[Lorg/glassfish/hk2/utilities/Binder;)Lorg/glassfish/hk2/api/ServiceLocator;+52
j  org.glassfish.jersey.internal.inject.Injections.createLocator([Lorg/glassfish/hk2/utilities/Binder;)Lorg/glassfish/hk2/api/ServiceLocator;+3
j  org.glassfish.jersey.client.ClientConfig$State.initRuntime()Lorg/glassfish/jersey/client/ClientRuntime;+31
j  org.glassfish.jersey.client.ClientConfig$State.access$000(Lorg/glassfish/jersey/client/ClientConfig$State;)Lorg/glassfish/jersey/client/ClientRuntime;+1
j  org.glassfish.jersey.client.ClientConfig$State$3.get()Lorg/glassfish/jersey/client/ClientRuntime;+4
j  org.glassfish.jersey.client.ClientConfig$State$3.get()Ljava/lang/Object;+1
j  org.glassfish.jersey.internal.util.collection.Values$LazyValueImpl.get()Ljava/lang/Object;+30
j  org.glassfish.jersey.client.ClientConfig.getRuntime()Lorg/glassfish/jersey/client/ClientRuntime;+7
j  org.glassfish.jersey.client.ClientRequest.getConfiguration()Ljavax/ws/rs/core/Configuration;+4
j  org.glassfish.jersey.client.JerseyInvocation.validateHttpMethodAndEntity(Lorg/glassfish/jersey/client/ClientRequest;)V+1
j  org.glassfish.jersey.client.JerseyInvocation.<init>(Lorg/glassfish/jersey/client/JerseyInvocation$Builder;)V+9
j  org.glassfish.jersey.client.JerseyInvocation.<init>(Lorg/glassfish/jersey/client/JerseyInvocation$Builder;Lorg/glassfish/jersey/client/JerseyInvocation$1;)V+2
j  org.glassfish.jersey.client.JerseyInvocation$Builder.method(Ljava/lang/String;)Ljavax/ws/rs/core/Response;+14
j  org.glassfish.jersey.client.JerseyInvocation$Builder.get()Ljavax/ws/rs/core/Response;+3
j  com.dota.hue.services.HttpClient.setLight()V+31
j  com.dota.hue.services.HueService.handleMapEvent(Lcom/dota/hue/api/Map;)V+26
j  com.dota.hue.resources.DotaResource.postDotaEvent(Lcom/dota/hue/resources/EventWrapper;)V+21
v  ~StubRoutines::call_stub
J 912  sun.reflect.NativeMethodAccessorImpl.invoke0(Ljava/lang/reflect/Method;Ljava/lang/Object;[Ljava/lang/Object;)Ljava/lang/Object; (0 bytes) @ 0x00007fad11315537 [0x00007fad113154c0+0x77]
J 911 C1 sun.reflect.NativeMethodAccessorImpl.invoke(Ljava/lang/Object;[Ljava/lang/Object;)Ljava/lang/Object; (104 bytes) @ 0x00007fad1131d454 [0x00007fad1131c280+0x11d4]
J 890 C1 sun.reflect.DelegatingMethodAccessorImpl.invoke(Ljava/lang/Object;[Ljava/lang/Object;)Ljava/lang/Object; (10 bytes) @ 0x00007fad1130d40c [0x00007fad1130d300+0x10c]
J 889 C1 java.lang.reflect.Method.invoke(Ljava/lang/Object;[Ljava/lang/Object;)Ljava/lang/Object; (62 bytes) @ 0x00007fad1130ce1c [0x00007fad1130ca20+0x3fc]
j  org.glassfish.jersey.server.model.internal.ResourceMethodInvocationHandlerFactory$1.invoke(Ljava/lang/Object;Ljava/lang/reflect/Method;[Ljava/lang/Object;)Ljava/lang/Object;+3
j  org.glassfish.jersey.server.model.internal.AbstractJavaResourceMethodDispatcher$1.run()Ljava/lang/Object;+38
j  org.glassfish.jersey.server.model.internal.AbstractJavaResourceMethodDispatcher.invoke(Lorg/glassfish/jersey/server/ContainerRequest;Ljava/lang/Object;[Ljava/lang/Object;)Ljava/lang/Object;+66
j  org.glassfish.jersey.server.model.internal.JavaResourceMethodDispatcherProvider$VoidOutInvoker.doDispatch(Ljava/lang/Object;Lorg/glassfish/jersey/server/ContainerRequest;)Ljavax/ws/rs/core/Response;+7
j  org.glassfish.jersey.server.model.internal.AbstractJavaResourceMethodDispatcher.dispatch(Ljava/lang/Object;Lorg/glassfish/jersey/server/ContainerRequest;)Ljavax/ws/rs/core/Response;+5
j  org.glassfish.jersey.server.model.ResourceMethodInvoker.invoke(Lorg/glassfish/jersey/server/internal/process/RequestProcessingContext;Ljava/lang/Object;)Ljavax/ws/rs/core/Response;+28
j  org.glassfish.jersey.server.model.ResourceMethodInvoker.apply(Lorg/glassfish/jersey/server/internal/process/RequestProcessingContext;)Lorg/glassfish/jersey/server/ContainerResponse;+97
j  org.glassfish.jersey.server.model.ResourceMethodInvoker.apply(Ljava/lang/Object;)Ljava/lang/Object;+5
j  org.glassfish.jersey.server.ServerRuntime$2.run()V+57
j  org.glassfish.jersey.internal.Errors$1.call()Ljava/lang/Void;+4
j  org.glassfish.jersey.internal.Errors$1.call()Ljava/lang/Object;+1
j  org.glassfish.jersey.internal.Errors.process(Ljava/util/concurrent/Callable;Z)Ljava/lang/Object;+36
j  org.glassfish.jersey.internal.Errors.process(Lorg/glassfish/jersey/internal/util/Producer;Z)Ljava/lang/Object;+2
j  org.glassfish.jersey.internal.Errors.process(Ljava/lang/Runnable;)V+9
j  org.glassfish.jersey.process.internal.RequestScope.runInScope(Lorg/glassfish/jersey/process/internal/RequestScope$Instance;Ljava/lang/Runnable;)V+14
j  org.glassfish.jersey.server.ServerRuntime.process(Lorg/glassfish/jersey/server/ContainerRequest;)V+177
j  org.glassfish.jersey.server.ApplicationHandler.handle(Lorg/glassfish/jersey/server/ContainerRequest;)V+13
j  org.glassfish.jersey.servlet.WebComponent.service(Ljava/net/URI;Ljava/net/URI;Ljavax/servlet/http/HttpServletRequest;Ljavax/servlet/http/HttpServletResponse;)Lorg/glassfish/jersey/internal/util/collection/Value;+119
j  org.glassfish.jersey.servlet.ServletContainer.service(Ljava/net/URI;Ljava/net/URI;Ljavax/servlet/http/HttpServletRequest;Ljavax/servlet/http/HttpServletResponse;)Lorg/glassfish/jersey/internal/util/collection/Value;+9
j  org.glassfish.jersey.servlet.ServletContainer.service(Ljavax/servlet/http/HttpServletRequest;Ljavax/servlet/http/HttpServletResponse;)V+362
j  org.glassfish.jersey.servlet.ServletContainer.service(Ljavax/servlet/ServletRequest;Ljavax/servlet/ServletResponse;)V+39
j  io.dropwizard.jetty.NonblockingServletHolder.handle(Lorg/eclipse/jetty/server/Request;Ljavax/servlet/ServletRequest;Ljavax/servlet/ServletResponse;)V+24
j  org.eclipse.jetty.servlet.ServletHandler$CachedChain.doFilter(Ljavax/servlet/ServletRequest;Ljavax/servlet/ServletResponse;)V+211
j  org.eclipse.jetty.servlets.UserAgentFilter.doFilter(Ljavax/servlet/ServletRequest;Ljavax/servlet/ServletResponse;Ljavax/servlet/FilterChain;)V+36
j  org.eclipse.jetty.servlets.GzipFilter.doFilter(Ljavax/servlet/ServletRequest;Ljavax/servlet/ServletResponse;Ljavax/servlet/FilterChain;)V+55
j  io.dropwizard.jetty.BiDiGzipFilter.doFilter(Ljavax/servlet/ServletRequest;Ljavax/servlet/ServletResponse;Ljavax/servlet/FilterChain;)V+83
j  org.eclipse.jetty.servlet.ServletHandler$CachedChain.doFilter(Ljavax/servlet/ServletRequest;Ljavax/servlet/ServletResponse;)V+103
j  io.dropwizard.servlets.ThreadNameFilter.doFilter(Ljavax/servlet/ServletRequest;Ljavax/servlet/ServletResponse;Ljavax/servlet/FilterChain;)V+33
j  org.eclipse.jetty.servlet.ServletHandler$CachedChain.doFilter(Ljavax/servlet/ServletRequest;Ljavax/servlet/ServletResponse;)V+103
j  io.dropwizard.jersey.filter.AllowedMethodsFilter.handle(Ljavax/servlet/http/HttpServletRequest;Ljavax/servlet/http/HttpServletResponse;Ljavax/servlet/FilterChain;)V+21
j  io.dropwizard.jersey.filter.AllowedMethodsFilter.doFilter(Ljavax/servlet/ServletRequest;Ljavax/servlet/ServletResponse;Ljavax/servlet/FilterChain;)V+10
j  org.eclipse.jetty.servlet.ServletHandler$CachedChain.doFilter(Ljavax/servlet/ServletRequest;Ljavax/servlet/ServletResponse;)V+103
j  org.eclipse.jetty.servlet.ServletHandler.doHandle(Ljava/lang/String;Lorg/eclipse/jetty/server/Request;Ljavax/servlet/http/HttpServletRequest;Ljavax/servlet/http/HttpServletResponse;)V+203
j  org.eclipse.jetty.server.handler.ContextHandler.doHandle(Ljava/lang/String;Lorg/eclipse/jetty/server/Request;Ljavax/servlet/http/HttpServletRequest;Ljavax/servlet/http/HttpServletResponse;)V+349
j  org.eclipse.jetty.servlet.ServletHandler.doScope(Ljava/lang/String;Lorg/eclipse/jetty/server/Request;Ljavax/servlet/http/HttpServletRequest;Ljavax/servlet/http/HttpServletResponse;)V+274
j  org.eclipse.jetty.server.handler.ContextHandler.doScope(Ljava/lang/String;Lorg/eclipse/jetty/server/Request;Ljavax/servlet/http/HttpServletRequest;Ljavax/servlet/http/HttpServletResponse;)V+437
j  org.eclipse.jetty.server.handler.ScopedHandler.handle(Ljava/lang/String;Lorg/eclipse/jetty/server/Request;Ljavax/servlet/http/HttpServletRequest;Ljavax/servlet/http/HttpServletResponse;)V+20
j  org.eclipse.jetty.server.handler.HandlerWrapper.handle(Ljava/lang/String;Lorg/eclipse/jetty/server/Request;Ljavax/servlet/http/HttpServletRequest;Ljavax/servlet/http/HttpServletResponse;)V+23
j  com.codahale.metrics.jetty9.InstrumentedHandler.handle(Ljava/lang/String;Lorg/eclipse/jetty/server/Request;Ljavax/servlet/http/HttpServletRequest;Ljavax/servlet/http/HttpServletResponse;)V+73
j  io.dropwizard.jetty.RoutingHandler.handle(Ljava/lang/String;Lorg/eclipse/jetty/server/Request;Ljavax/servlet/http/HttpServletRequest;Ljavax/servlet/http/HttpServletResponse;)V+57
j  org.eclipse.jetty.server.handler.HandlerWrapper.handle(Ljava/lang/String;Lorg/eclipse/jetty/server/Request;Ljavax/servlet/http/HttpServletRequest;Ljavax/servlet/http/HttpServletResponse;)V+23
j  org.eclipse.jetty.server.handler.RequestLogHandler.handle(Ljava/lang/String;Lorg/eclipse/jetty/server/Request;Ljavax/servlet/http/HttpServletRequest;Ljavax/servlet/http/HttpServletResponse;)V+6
j  org.eclipse.jetty.server.handler.HandlerWrapper.handle(Ljava/lang/String;Lorg/eclipse/jetty/server/Request;Ljavax/servlet/http/HttpServletRequest;Ljavax/servlet/http/HttpServletResponse;)V+23
j  org.eclipse.jetty.server.handler.StatisticsHandler.handle(Ljava/lang/String;Lorg/eclipse/jetty/server/Request;Ljavax/servlet/http/HttpServletRequest;Ljavax/servlet/http/HttpServletResponse;)V+58
j  org.eclipse.jetty.server.handler.HandlerWrapper.handle(Ljava/lang/String;Lorg/eclipse/jetty/server/Request;Ljavax/servlet/http/HttpServletRequest;Ljavax/servlet/http/HttpServletResponse;)V+23
j  org.eclipse.jetty.server.Server.handle(Lorg/eclipse/jetty/server/HttpChannel;)V+130
j  org.eclipse.jetty.server.HttpChannel.handle()Z+301
j  org.eclipse.jetty.server.HttpConnection.onFillable()V+189
j  org.eclipse.jetty.io.AbstractConnection$2.run()V+4
j  org.eclipse.jetty.util.thread.QueuedThreadPool.runJob(Ljava/lang/Runnable;)V+1
j  org.eclipse.jetty.util.thread.QueuedThreadPool$3.run()V+75
j  java.lang.Thread.run()V+11
v  ~StubRoutines::call_stub

---------------  P R O C E S S  ---------------

Java Threads: ( => current thread )
  0x00007facc0001800 JavaThread "Scheduler-697508322" [_thread_blocked, id=30642, stack(0x00007fad08c58000,0x00007fad08d59000)]
  0x00007fac88001000 JavaThread "dw-admin-30" [_thread_blocked, id=30636, stack(0x00007fad08b57000,0x00007fad08c58000)]
  0x00007fac90001000 JavaThread "dw-admin-28-acceptor-1@6d6c73a8-admin@4983159f{HTTP/1.1}{0.0.0.0:8081}" [_thread_blocked, id=30634, stack(0x00007fad08d59000,0x00007fad08e5a000)]
  0x00007fac8c001000 JavaThread "dw-admin-27-acceptor-0@25ffeff6-admin@4983159f{HTTP/1.1}{0.0.0.0:8081}" [_thread_in_native, id=30633, stack(0x00007fad08e5a000,0x00007fad08f5b000)]
  0x00007fac98001000 JavaThread "dw-admin-26-selector-ServerConnectorManager@4e995d2b/3" [_thread_in_native, id=30632, stack(0x00007fad08f5b000,0x00007fad0905c000)]
  0x00007fac94001000 JavaThread "dw-admin-25-selector-ServerConnectorManager@4e995d2b/2" [_thread_in_native, id=30631, stack(0x00007fad0905c000,0x00007fad0915d000)]
  0x00007fad2000a800 JavaThread "DestroyJavaVM" [_thread_blocked, id=30603, stack(0x00007fad297fc000,0x00007fad298fd000)]
  0x00007faca0001000 JavaThread "dw-admin-23-selector-ServerConnectorManager@4e995d2b/1" [_thread_in_native, id=30630, stack(0x00007fad0915d000,0x00007fad0925e000)]
  0x00007fad207e9000 JavaThread "dw-admin-22-selector-ServerConnectorManager@4e995d2b/0" [_thread_in_native, id=30628, stack(0x00007fad0965e000,0x00007fad0975f000)]
=>0x00007fad207dd000 JavaThread "dw-19 - POST /" [_thread_in_native, id=30626, stack(0x00007fad0975f000,0x00007fad09860000)]
  0x00007fad207db000 JavaThread "dw-18-acceptor-1@97df519-application@23bff419{HTTP/1.1}{0.0.0.0:8080}" [_thread_blocked, id=30625, stack(0x00007fad09860000,0x00007fad09961000)]
  0x00007fad207d9800 JavaThread "dw-17" [_thread_blocked, id=30624, stack(0x00007fad09961000,0x00007fad09a62000)]
  0x00007fad207d7800 JavaThread "dw-16-acceptor-0@7d2b1fd0-application@23bff419{HTTP/1.1}{0.0.0.0:8080}" [_thread_in_native, id=30623, stack(0x00007fad09a62000,0x00007fad09b63000)]
  0x00007fad207d6000 JavaThread "dw-15-selector-ServerConnectorManager@7c36c72d/2" [_thread_in_native, id=30622, stack(0x00007fad09b63000,0x00007fad09c64000)]
  0x00007fad207d4000 JavaThread "dw-14-selector-ServerConnectorManager@7c36c72d/3" [_thread_in_native, id=30621, stack(0x00007fad09c64000,0x00007fad09d65000)]
  0x00007fad207cf800 JavaThread "dw-13-selector-ServerConnectorManager@7c36c72d/1" [_thread_in_native, id=30620, stack(0x00007fad09d65000,0x00007fad09e66000)]
  0x00007fad207ce000 JavaThread "dw-12-selector-ServerConnectorManager@7c36c72d/0" [_thread_in_native, id=30619, stack(0x00007fad09e66000,0x00007fad09f67000)]
  0x00007fad207ca000 JavaThread "AsyncAppender-Worker-Thread-2" daemon [_thread_blocked, id=30618, stack(0x00007fad09f67000,0x00007fad0a068000)]
  0x00007fad20638000 JavaThread "AsyncAppender-Worker-Thread-1" daemon [_thread_blocked, id=30617, stack(0x00007fad0a268000,0x00007fad0a369000)]
  0x00007fad201a3000 JavaThread "Service Thread" daemon [_thread_blocked, id=30615, stack(0x00007fad0b1a0000,0x00007fad0b2a1000)]
  0x00007fad20186000 JavaThread "C1 CompilerThread2" daemon [_thread_blocked, id=30614, stack(0x00007fad0b2a1000,0x00007fad0b3a2000)]
  0x00007fad20184800 JavaThread "C2 CompilerThread1" daemon [_thread_blocked, id=30613, stack(0x00007fad0b3a2000,0x00007fad0b4a3000)]
  0x00007fad20181800 JavaThread "C2 CompilerThread0" daemon [_thread_blocked, id=30612, stack(0x00007fad0b4a3000,0x00007fad0b5a4000)]
  0x00007fad20180000 JavaThread "Signal Dispatcher" daemon [_thread_blocked, id=30611, stack(0x00007fad0b5a4000,0x00007fad0b6a5000)]
  0x00007fad2014c000 JavaThread "Finalizer" daemon [_thread_blocked, id=30610, stack(0x00007fad0bafb000,0x00007fad0bbfc000)]
  0x00007fad20149000 JavaThread "Reference Handler" daemon [_thread_blocked, id=30609, stack(0x00007fad0bbfc000,0x00007fad0bcfd000)]

Other Threads:
  0x00007fad2013f800 VMThread [stack: 0x00007fad0bcfd000,0x00007fad0bdfe000] [id=30608]
  0x00007fad201a8000 WatcherThread [stack: 0x00007fad0b09f000,0x00007fad0b1a0000] [id=30616]

VM state:not at safepoint (normal execution)

VM Mutex/Monitor currently owned by a thread: None

Heap:
 PSYoungGen      total 91648K, used 34959K [0x000000075a700000, 0x0000000765a00000, 0x00000007c0000000)
  eden space 78848K, 44% used [0x000000075a700000,0x000000075c923e98,0x000000075f400000)
  from space 12800K, 0% used [0x0000000760080000,0x0000000760080000,0x0000000760d00000)
  to   space 12800K, 0% used [0x000000075f400000,0x000000075f400000,0x0000000760080000)
 ParOldGen       total 117760K, used 7131K [0x000000068f400000, 0x0000000696700000, 0x000000075a700000)
  object space 117760K, 6% used [0x000000068f400000,0x000000068faf6c80,0x0000000696700000)
 Metaspace       used 24627K, capacity 24878K, committed 25088K, reserved 1071104K
  class space    used 3194K, capacity 3283K, committed 3328K, reserved 1048576K

Card table byte_map: [0x00007fad25c29000,0x00007fad265b0000] byte_map_base: 0x00007fad227af000

Marking Bits: (ParMarkBitMap*) 0x00007fad28ce1d40
 Begin Bits: [0x00007facea7a0000, 0x00007facef3d0000)
 End Bits:   [0x00007facef3d0000, 0x00007facf4000000)

Polling page: 0x00007fad29926000

CodeCache: size=245760Kb used=6061Kb max_used=6061Kb free=239698Kb
 bounds [0x00007fad11000000, 0x00007fad11600000, 0x00007fad20000000]
 total_blobs=2422 nmethods=1982 adapters=353
 compilation: enabled

Compilation events (10 events):
Event: 53,170 Thread 0x00007fad20186000 nmethod 1976 0x00007fad115e2810 code [0x00007fad115e2a00, 0x00007fad115e3328]
Event: 53,170 Thread 0x00007fad20186000 1977  s    3       org.glassfish.hk2.utilities.DescriptorImpl::setName (6 bytes)
Event: 53,170 Thread 0x00007fad20186000 nmethod 1977 0x00007fad115e36d0 code [0x00007fad115e3840, 0x00007fad115e3b10]
Event: 53,171 Thread 0x00007fad20186000 1973       1       org.glassfish.hk2.utilities.ContextualInput::getDescriptor (5 bytes)
Event: 53,171 Thread 0x00007fad20186000 nmethod 1973 0x00007fad115e3bd0 code [0x00007fad115e3d20, 0x00007fad115e3e30]
Event: 53,171 Thread 0x00007fad20186000 1974       1       org.jvnet.hk2.internal.SystemDescriptor::getCache (5 bytes)
Event: 53,171 Thread 0x00007fad20186000 nmethod 1974 0x00007fad115e3e90 code [0x00007fad115e3fe0, 0x00007fad115e40f0]
Event: 53,171 Thread 0x00007fad20186000 1975       1       org.glassfish.hk2.utilities.ContextualInput::getRoot (5 bytes)
Event: 53,171 Thread 0x00007fad20186000 nmethod 1975 0x00007fad115e4150 code [0x00007fad115e42a0, 0x00007fad115e43b0]
Event: 53,171 Thread 0x00007fad20184800 nmethod 1978 0x00007fad115e71d0 code [0x00007fad115e7320, 0x00007fad115e74d8]

GC Heap History (6 events):
Event: 1,272 GC heap before
{Heap before GC invocations=1 (full 0):
 PSYoungGen      total 91648K, used 78848K [0x000000075a700000, 0x0000000760d00000, 0x00000007c0000000)
  eden space 78848K, 100% used [0x000000075a700000,0x000000075f400000,0x000000075f400000)
  from space 12800K, 0% used [0x0000000760080000,0x0000000760080000,0x0000000760d00000)
  to   space 12800K, 0% used [0x000000075f400000,0x000000075f400000,0x0000000760080000)
 ParOldGen       total 208896K, used 0K [0x000000068f400000, 0x000000069c000000, 0x000000075a700000)
  object space 208896K, 0% used [0x000000068f400000,0x000000068f400000,0x000000069c000000)
 Metaspace       used 20529K, capacity 20748K, committed 20992K, reserved 1067008K
  class space    used 2656K, capacity 2722K, committed 2816K, reserved 1048576K
Event: 1,284 GC heap after
Heap after GC invocations=1 (full 0):
 PSYoungGen      total 91648K, used 12780K [0x000000075a700000, 0x0000000760d00000, 0x00000007c0000000)
  eden space 78848K, 0% used [0x000000075a700000,0x000000075a700000,0x000000075f400000)
  from space 12800K, 99% used [0x000000075f400000,0x000000076007b0f0,0x0000000760080000)
  to   space 12800K, 0% used [0x0000000760080000,0x0000000760080000,0x0000000760d00000)
 ParOldGen       total 208896K, used 5406K [0x000000068f400000, 0x000000069c000000, 0x000000075a700000)
  object space 208896K, 2% used [0x000000068f400000,0x000000068f9479d0,0x000000069c000000)
 Metaspace       used 20529K, capacity 20748K, committed 20992K, reserved 1067008K
  class space    used 2656K, capacity 2722K, committed 2816K, reserved 1048576K
}
Event: 1,338 GC heap before
{Heap before GC invocations=2 (full 0):
 PSYoungGen      total 91648K, used 16594K [0x000000075a700000, 0x0000000760d00000, 0x00000007c0000000)
  eden space 78848K, 4% used [0x000000075a700000,0x000000075aab9810,0x000000075f400000)
  from space 12800K, 99% used [0x000000075f400000,0x000000076007b0f0,0x0000000760080000)
  to   space 12800K, 0% used [0x0000000760080000,0x0000000760080000,0x0000000760d00000)
 ParOldGen       total 208896K, used 5406K [0x000000068f400000, 0x000000069c000000, 0x000000075a700000)
  object space 208896K, 2% used [0x000000068f400000,0x000000068f9479d0,0x000000069c000000)
 Metaspace       used 20988K, capacity 21124K, committed 21296K, reserved 1069056K
  class space    used 2713K, capacity 2758K, committed 2816K, reserved 1048576K
Event: 1,345 GC heap after
Heap after GC invocations=2 (full 0):
 PSYoungGen      total 91648K, used 6729K [0x000000075a700000, 0x0000000765a00000, 0x00000007c0000000)
  eden space 78848K, 0% used [0x000000075a700000,0x000000075a700000,0x000000075f400000)
  from space 12800K, 52% used [0x0000000760080000,0x0000000760712418,0x0000000760d00000)
  to   space 12800K, 0% used [0x000000075f400000,0x000000075f400000,0x0000000760080000)
 ParOldGen       total 208896K, used 5414K [0x000000068f400000, 0x000000069c000000, 0x000000075a700000)
  object space 208896K, 2% used [0x000000068f400000,0x000000068f9499d0,0x000000069c000000)
 Metaspace       used 20988K, capacity 21124K, committed 21296K, reserved 1069056K
  class space    used 2713K, capacity 2758K, committed 2816K, reserved 1048576K
}
Event: 1,345 GC heap before
{Heap before GC invocations=3 (full 1):
 PSYoungGen      total 91648K, used 6729K [0x000000075a700000, 0x0000000765a00000, 0x00000007c0000000)
  eden space 78848K, 0% used [0x000000075a700000,0x000000075a700000,0x000000075f400000)
  from space 12800K, 52% used [0x0000000760080000,0x0000000760712418,0x0000000760d00000)
  to   space 12800K, 0% used [0x000000075f400000,0x000000075f400000,0x0000000760080000)
 ParOldGen       total 208896K, used 5414K [0x000000068f400000, 0x000000069c000000, 0x000000075a700000)
  object space 208896K, 2% used [0x000000068f400000,0x000000068f9499d0,0x000000069c000000)
 Metaspace       used 20988K, capacity 21124K, committed 21296K, reserved 1069056K
  class space    used 2713K, capacity 2758K, committed 2816K, reserved 1048576K
Event: 1,382 GC heap after
Heap after GC invocations=3 (full 1):
 PSYoungGen      total 91648K, used 0K [0x000000075a700000, 0x0000000765a00000, 0x00000007c0000000)
  eden space 78848K, 0% used [0x000000075a700000,0x000000075a700000,0x000000075f400000)
  from space 12800K, 0% used [0x0000000760080000,0x0000000760080000,0x0000000760d00000)
  to   space 12800K, 0% used [0x000000075f400000,0x000000075f400000,0x0000000760080000)
 ParOldGen       total 117760K, used 7131K [0x000000068f400000, 0x0000000696700000, 0x000000075a700000)
  object space 117760K, 6% used [0x000000068f400000,0x000000068faf6c80,0x0000000696700000)
 Metaspace       used 20988K, capacity 21124K, committed 21296K, reserved 1069056K
  class space    used 2713K, capacity 2758K, committed 2816K, reserved 1048576K
}

Deoptimization events (10 events):
Event: 1,289 Thread 0x00007fad2000a800 Uncommon trap: reason=unstable_if action=reinterpret pc=0x00007fad114240fc method=java.lang.ref.ReferenceQueue.poll()Ljava/lang/ref/Reference; @ 4
Event: 7,477 Thread 0x00007fad207d9800 Uncommon trap: reason=unstable_if action=reinterpret pc=0x00007fad1127a7a0 method=java.lang.CharacterDataLatin1.isWhitespace(I)Z @ 14
Event: 7,499 Thread 0x00007fad207d9800 Uncommon trap: reason=class_check action=maybe_recompile pc=0x00007fad113d404c method=java.util.Collections$UnmodifiableMap.isEmpty()Z @ 4
Event: 7,499 Thread 0x00007fad207d9800 Uncommon trap: reason=class_check action=maybe_recompile pc=0x00007fad113d404c method=java.util.Collections$UnmodifiableMap.isEmpty()Z @ 4
Event: 7,499 Thread 0x00007fad207d9800 Uncommon trap: reason=class_check action=maybe_recompile pc=0x00007fad113d404c method=java.util.Collections$UnmodifiableMap.isEmpty()Z @ 4
Event: 7,499 Thread 0x00007fad207d9800 Uncommon trap: reason=class_check action=maybe_recompile pc=0x00007fad113d404c method=java.util.Collections$UnmodifiableMap.isEmpty()Z @ 4
Event: 7,563 Thread 0x00007fad207d9800 Uncommon trap: reason=unstable_if action=reinterpret pc=0x00007fad113e5368 method=sun.misc.MetaIndex.mayContain(Ljava/lang/String;)Z @ 38
Event: 7,615 Thread 0x00007fad207d9800 Uncommon trap: reason=unstable_if action=reinterpret pc=0x00007fad115b57ec method=java.util.concurrent.ConcurrentHashMap.get(Ljava/lang/Object;)Ljava/lang/Object; @ 99
Event: 7,618 Thread 0x00007fad207ce000 Uncommon trap: reason=unstable_if action=reinterpret pc=0x00007fad11438acc method=java.util.HashMap$HashIterator.<init>(Ljava/util/HashMap;)V @ 45
Event: 53,166 Thread 0x00007fad207dd000 Uncommon trap: reason=unstable_if action=reinterpret pc=0x00007fad114eac40 method=java.util.LinkedHashMap.get(Ljava/lang/Object;)Ljava/lang/Object; @ 20

Classes redefined (0 events):
No events

Internal exceptions (10 events):
Event: 0,600 Thread 0x00007fad2000a800 Exception <a 'java/lang/ArrayIndexOutOfBoundsException': 65> (0x000000075c4e9ae8) thrown at [/HUDSON/workspace/8-2-build-linux-amd64/jdk8u191/11894/hotspot/src/share/vm/interpreter/interpreterRuntime.cpp, line 366]
Event: 0,600 Thread 0x00007fad2000a800 Exception <a 'java/lang/ArrayIndexOutOfBoundsException': 79> (0x000000075c4eb5f0) thrown at [/HUDSON/workspace/8-2-build-linux-amd64/jdk8u191/11894/hotspot/src/share/vm/interpreter/interpreterRuntime.cpp, line 366]
Event: 0,600 Thread 0x00007fad2000a800 Exception <a 'java/lang/ArrayIndexOutOfBoundsException': 67> (0x000000075c4ec7f0) thrown at [/HUDSON/workspace/8-2-build-linux-amd64/jdk8u191/11894/hotspot/src/share/vm/interpreter/interpreterRuntime.cpp, line 366]
Event: 0,600 Thread 0x00007fad2000a800 Exception <a 'java/lang/ArrayIndexOutOfBoundsException': 40> (0x000000075c4ed8a0) thrown at [/HUDSON/workspace/8-2-build-linux-amd64/jdk8u191/11894/hotspot/src/share/vm/interpreter/interpreterRuntime.cpp, line 366]
Event: 0,671 Thread 0x00007fad2000a800 Implicit null exception at 0x00007fad11237735 to 0x00007fad11237af1
Event: 0,671 Thread 0x00007fad2000a800 Implicit null exception at 0x00007fad111ecff6 to 0x00007fad111ed3b5
Event: 7,414 Thread 0x00007fad207d7800 Exception <a 'java/lang/NoSuchFieldError': method resolution failed> (0x000000075b64f4a0) thrown at [/HUDSON/workspace/8-2-build-linux-amd64/jdk8u191/11894/hotspot/src/share/vm/prims/methodHandles.cpp, line 1167]
Event: 7,418 Thread 0x00007fad207d7800 Exception <a 'java/lang/NoSuchFieldError': method resolution failed> (0x000000075b65cb60) thrown at [/HUDSON/workspace/8-2-build-linux-amd64/jdk8u191/11894/hotspot/src/share/vm/prims/methodHandles.cpp, line 1167]
Event: 7,563 Thread 0x00007fad207d9800 Exception <a 'java/lang/ClassNotFoundException': sun/net/www/protocol/localhost/Handler> (0x000000075c3adaf8) thrown at [/HUDSON/workspace/8-2-build-linux-amd64/jdk8u191/11894/hotspot/src/share/vm/classfile/systemDictionary.cpp, line 210]
Event: 7,564 Thread 0x00007fad207d9800 Exception <a 'java/lang/reflect/InvocationTargetException'> (0x000000075c3b09d0) thrown at [/HUDSON/workspace/8-2-build-linux-amd64/jdk8u191/11894/hotspot/src/share/vm/runtime/reflection.cpp, line 1092]

Events (10 events):
Event: 53,164 Executing VM operation: RevokeBias done
Event: 53,166 Thread 0x00007fad207dd000 Uncommon trap: trap_request=0xffffff65 fr.pc=0x00007fad114eac40
Event: 53,166 Thread 0x00007fad207dd000 DEOPT PACKING pc=0x00007fad114eac40 sp=0x00007fad0985c910
Event: 53,166 Thread 0x00007fad207dd000 DEOPT UNPACKING pc=0x00007fad1104573a sp=0x00007fad0985c8f0 mode 2
Event: 53,166 Executing VM operation: RevokeBias
Event: 53,167 Executing VM operation: RevokeBias done
Event: 53,169 Executing VM operation: RevokeBias
Event: 53,169 Executing VM operation: RevokeBias done
Event: 53,169 Executing VM operation: RevokeBias
Event: 53,169 Executing VM operation: RevokeBias done


Dynamic libraries:
00400000-00401000 r-xp 00000000 fd:01 15214029                           /home/patrik/java/jdk1.8.0_191/bin/java
00600000-00601000 r--p 00000000 fd:01 15214029                           /home/patrik/java/jdk1.8.0_191/bin/java
00601000-00602000 rw-p 00001000 fd:01 15214029                           /home/patrik/java/jdk1.8.0_191/bin/java
01e6b000-01e8c000 rw-p 00000000 00:00 0                                  [heap]
68f400000-696700000 rw-p 00000000 00:00 0 
696700000-75a700000 ---p 00000000 00:00 0 
75a700000-765a00000 rw-p 00000000 00:00 0 
765a00000-7c0000000 ---p 00000000 00:00 0 
7c0000000-7c0340000 rw-p 00000000 00:00 0 
7c0340000-800000000 ---p 00000000 00:00 0 
7fac84000000-7fac84021000 rw-p 00000000 00:00 0 
7fac84021000-7fac88000000 ---p 00000000 00:00 0 
7fac88000000-7fac88021000 rw-p 00000000 00:00 0 
7fac88021000-7fac8c000000 ---p 00000000 00:00 0 
7fac8c000000-7fac8c021000 rw-p 00000000 00:00 0 
7fac8c021000-7fac90000000 ---p 00000000 00:00 0 
7fac90000000-7fac90021000 rw-p 00000000 00:00 0 
7fac90021000-7fac94000000 ---p 00000000 00:00 0 
7fac94000000-7fac94021000 rw-p 00000000 00:00 0 
7fac94021000-7fac98000000 ---p 00000000 00:00 0 
7fac98000000-7fac98021000 rw-p 00000000 00:00 0 
7fac98021000-7fac9c000000 ---p 00000000 00:00 0 
7fac9c000000-7fac9c2bd000 rw-p 00000000 00:00 0 
7fac9c2bd000-7faca0000000 ---p 00000000 00:00 0 
7faca0000000-7faca0021000 rw-p 00000000 00:00 0 
7faca0021000-7faca4000000 ---p 00000000 00:00 0 
7faca4000000-7faca4051000 rw-p 00000000 00:00 0 
7faca4051000-7faca8000000 ---p 00000000 00:00 0 
7faca8000000-7faca8021000 rw-p 00000000 00:00 0 
7faca8021000-7facac000000 ---p 00000000 00:00 0 
7facac000000-7facac021000 rw-p 00000000 00:00 0 
7facac021000-7facb0000000 ---p 00000000 00:00 0 
7facb0000000-7facb0054000 rw-p 00000000 00:00 0 
7facb0054000-7facb4000000 ---p 00000000 00:00 0 
7facb4000000-7facb4021000 rw-p 00000000 00:00 0 
7facb4021000-7facb8000000 ---p 00000000 00:00 0 
7facb8000000-7facb8021000 rw-p 00000000 00:00 0 
7facb8021000-7facbc000000 ---p 00000000 00:00 0 
7facbc000000-7facbc021000 rw-p 00000000 00:00 0 
7facbc021000-7facc0000000 ---p 00000000 00:00 0 
7facc0000000-7facc0026000 rw-p 00000000 00:00 0 
7facc0026000-7facc4000000 ---p 00000000 00:00 0 
7facc4000000-7facc4021000 rw-p 00000000 00:00 0 
7facc4021000-7facc8000000 ---p 00000000 00:00 0 
7facc8000000-7facc8021000 rw-p 00000000 00:00 0 
7facc8021000-7faccc000000 ---p 00000000 00:00 0 
7faccc000000-7faccc3af000 rw-p 00000000 00:00 0 
7faccc3af000-7facd0000000 ---p 00000000 00:00 0 
7facd0000000-7facd0021000 rw-p 00000000 00:00 0 
7facd0021000-7facd4000000 ---p 00000000 00:00 0 
7facd4000000-7facd5ac3000 rw-p 00000000 00:00 0 
7facd5ac3000-7facd8000000 ---p 00000000 00:00 0 
7facd8000000-7facd85f7000 rw-p 00000000 00:00 0 
7facd85f7000-7facdc000000 ---p 00000000 00:00 0 
7facdc000000-7facdc021000 rw-p 00000000 00:00 0 
7facdc021000-7face0000000 ---p 00000000 00:00 0 
7face0000000-7face0021000 rw-p 00000000 00:00 0 
7face0021000-7face4000000 ---p 00000000 00:00 0 
7face4000000-7face4021000 rw-p 00000000 00:00 0 
7face4021000-7face8000000 ---p 00000000 00:00 0 
7facea7a0000-7facf4000000 rw-p 00000000 00:00 0 
7facf4000000-7facf4021000 rw-p 00000000 00:00 0 
7facf4021000-7facf8000000 ---p 00000000 00:00 0 
7facf8000000-7facf8021000 rw-p 00000000 00:00 0 
7facf8021000-7facfc000000 ---p 00000000 00:00 0 
7facfc000000-7facfc021000 rw-p 00000000 00:00 0 
7facfc021000-7fad00000000 ---p 00000000 00:00 0 
7fad00fff000-7fad04000000 rw-p 00000000 00:00 0 
7fad04000000-7fad04021000 rw-p 00000000 00:00 0 
7fad04021000-7fad08000000 ---p 00000000 00:00 0 
7fad08957000-7fad08a97000 rw-p 00000000 00:00 0 
7fad08a97000-7fad08b57000 ---p 00000000 00:00 0 
7fad08b57000-7fad08b5a000 ---p 00000000 00:00 0 
7fad08b5a000-7fad08c58000 rw-p 00000000 00:00 0 
7fad08c58000-7fad08c5b000 ---p 00000000 00:00 0 
7fad08c5b000-7fad08d59000 rw-p 00000000 00:00 0 
7fad08d59000-7fad08d5c000 ---p 00000000 00:00 0 
7fad08d5c000-7fad08e5a000 rw-p 00000000 00:00 0 
7fad08e5a000-7fad08e5d000 ---p 00000000 00:00 0 
7fad08e5d000-7fad08f5b000 rw-p 00000000 00:00 0 
7fad08f5b000-7fad08f5e000 ---p 00000000 00:00 0 
7fad08f5e000-7fad0905c000 rw-p 00000000 00:00 0 
7fad0905c000-7fad0905f000 ---p 00000000 00:00 0 
7fad0905f000-7fad0915d000 rw-p 00000000 00:00 0 
7fad0915d000-7fad09160000 ---p 00000000 00:00 0 
7fad09160000-7fad0945e000 rw-p 00000000 00:00 0 
7fad0945e000-7fad0965e000 rw-p 00000000 00:00 0 
7fad0965e000-7fad09661000 ---p 00000000 00:00 0 
7fad09661000-7fad0975f000 rw-p 00000000 00:00 0 
7fad0975f000-7fad09762000 ---p 00000000 00:00 0 
7fad09762000-7fad09860000 rw-p 00000000 00:00 0 
7fad09860000-7fad09863000 ---p 00000000 00:00 0 
7fad09863000-7fad09961000 rw-p 00000000 00:00 0 
7fad09961000-7fad09964000 ---p 00000000 00:00 0 
7fad09964000-7fad09a62000 rw-p 00000000 00:00 0 
7fad09a62000-7fad09a65000 ---p 00000000 00:00 0 
7fad09a65000-7fad09b63000 rw-p 00000000 00:00 0 
7fad09b63000-7fad09b66000 ---p 00000000 00:00 0 
7fad09b66000-7fad09c64000 rw-p 00000000 00:00 0 
7fad09c64000-7fad09c67000 ---p 00000000 00:00 0 
7fad09c67000-7fad09d65000 rw-p 00000000 00:00 0 
7fad09d65000-7fad09d68000 ---p 00000000 00:00 0 
7fad09d68000-7fad09e66000 rw-p 00000000 00:00 0 
7fad09e66000-7fad09e69000 ---p 00000000 00:00 0 
7fad09e69000-7fad09f67000 rw-p 00000000 00:00 0 
7fad09f67000-7fad09f6a000 ---p 00000000 00:00 0 
7fad09f6a000-7fad0a268000 rw-p 00000000 00:00 0 
7fad0a268000-7fad0a26b000 ---p 00000000 00:00 0 
7fad0a26b000-7fad0a569000 rw-p 00000000 00:00 0 
7fad0a569000-7fad0a769000 rw-p 00000000 00:00 0 
7fad0a769000-7fad0a77a000 r-xp 00000000 fd:01 15214490                   /home/patrik/java/jdk1.8.0_191/jre/lib/amd64/libnio.so
7fad0a77a000-7fad0a979000 ---p 00011000 fd:01 15214490                   /home/patrik/java/jdk1.8.0_191/jre/lib/amd64/libnio.so
7fad0a979000-7fad0a97a000 r--p 00010000 fd:01 15214490                   /home/patrik/java/jdk1.8.0_191/jre/lib/amd64/libnio.so
7fad0a97a000-7fad0a97b000 rw-p 00011000 fd:01 15214490                   /home/patrik/java/jdk1.8.0_191/jre/lib/amd64/libnio.so
7fad0a97b000-7fad0a991000 r-xp 00000000 fd:01 15214487                   /home/patrik/java/jdk1.8.0_191/jre/lib/amd64/libnet.so
7fad0a991000-7fad0ab90000 ---p 00016000 fd:01 15214487                   /home/patrik/java/jdk1.8.0_191/jre/lib/amd64/libnet.so
7fad0ab90000-7fad0ab91000 r--p 00015000 fd:01 15214487                   /home/patrik/java/jdk1.8.0_191/jre/lib/amd64/libnet.so
7fad0ab91000-7fad0ab92000 rw-p 00016000 fd:01 15214487                   /home/patrik/java/jdk1.8.0_191/jre/lib/amd64/libnet.so
7fad0ab92000-7fad0ab9a000 r-xp 00000000 fd:01 15214495                   /home/patrik/java/jdk1.8.0_191/jre/lib/amd64/libmanagement.so
7fad0ab9a000-7fad0ad9a000 ---p 00008000 fd:01 15214495                   /home/patrik/java/jdk1.8.0_191/jre/lib/amd64/libmanagement.so
7fad0ad9a000-7fad0ad9b000 r--p 00008000 fd:01 15214495                   /home/patrik/java/jdk1.8.0_191/jre/lib/amd64/libmanagement.so
7fad0ad9b000-7fad0ad9c000 rw-p 00009000 fd:01 15214495                   /home/patrik/java/jdk1.8.0_191/jre/lib/amd64/libmanagement.so
7fad0ad9c000-7fad0af9c000 rw-p 00000000 00:00 0 
7fad0af9c000-7fad0b09f000 r--s 00c1e000 fd:01 11826157                   /home/patrik/dota-hue/build/libs/dota-hue.jar
7fad0b09f000-7fad0b0a0000 ---p 00000000 00:00 0 
7fad0b0a0000-7fad0b1a0000 rw-p 00000000 00:00 0 
7fad0b1a0000-7fad0b1a3000 ---p 00000000 00:00 0 
7fad0b1a3000-7fad0b2a1000 rw-p 00000000 00:00 0 
7fad0b2a1000-7fad0b2a4000 ---p 00000000 00:00 0 
7fad0b2a4000-7fad0b3a2000 rw-p 00000000 00:00 0 
7fad0b3a2000-7fad0b3a5000 ---p 00000000 00:00 0 
7fad0b3a5000-7fad0b4a3000 rw-p 00000000 00:00 0 
7fad0b4a3000-7fad0b4a6000 ---p 00000000 00:00 0 
7fad0b4a6000-7fad0b5a4000 rw-p 00000000 00:00 0 
7fad0b5a4000-7fad0b5a7000 ---p 00000000 00:00 0 
7fad0b5a7000-7fad0b6a5000 rw-p 00000000 00:00 0 
7fad0b6a5000-7fad0bafb000 r--p 00000000 fd:01 4981116                    /usr/lib/locale/locale-archive
7fad0bafb000-7fad0bafe000 ---p 00000000 00:00 0 
7fad0bafe000-7fad0bbfc000 rw-p 00000000 00:00 0 
7fad0bbfc000-7fad0bbff000 ---p 00000000 00:00 0 
7fad0bbff000-7fad0bcfd000 rw-p 00000000 00:00 0 
7fad0bcfd000-7fad0bcfe000 ---p 00000000 00:00 0 
7fad0bcfe000-7fad0c000000 rw-p 00000000 00:00 0 
7fad0c000000-7fad0c021000 rw-p 00000000 00:00 0 
7fad0c021000-7fad10000000 ---p 00000000 00:00 0 
7fad10054000-7fad10db0000 rw-p 00000000 00:00 0 
7fad10db0000-7fad10f8a000 r--s 03d6c000 fd:01 15214187                   /home/patrik/java/jdk1.8.0_191/jre/lib/rt.jar
7fad10f8a000-7fad11000000 rw-p 00000000 00:00 0 
7fad11000000-7fad11600000 rwxp 00000000 00:00 0 
7fad11600000-7fad20000000 ---p 00000000 00:00 0 
7fad20000000-7fad20a50000 rw-p 00000000 00:00 0 
7fad20a50000-7fad24000000 ---p 00000000 00:00 0 
7fad24045000-7fad251cb000 rw-p 00000000 00:00 0 
7fad251cb000-7fad251cc000 ---p 00000000 00:00 0 
7fad251cc000-7fad252cc000 rw-p 00000000 00:00 0 
7fad252cc000-7fad252cd000 ---p 00000000 00:00 0 
7fad252cd000-7fad253cd000 rw-p 00000000 00:00 0 
7fad253cd000-7fad253ce000 ---p 00000000 00:00 0 
7fad253ce000-7fad254ce000 rw-p 00000000 00:00 0 
7fad254ce000-7fad254cf000 ---p 00000000 00:00 0 
7fad254cf000-7fad25609000 rw-p 00000000 00:00 0 
7fad25609000-7fad25c29000 ---p 00000000 00:00 0 
7fad25c29000-7fad25c63000 rw-p 00000000 00:00 0 
7fad25c63000-7fad26282000 ---p 00000000 00:00 0 
7fad26282000-7fad262dc000 rw-p 00000000 00:00 0 
7fad262dc000-7fad265af000 ---p 00000000 00:00 0 
7fad265af000-7fad265c8000 rw-p 00000000 00:00 0 
7fad265c8000-7fad26970000 ---p 00000000 00:00 0 
7fad26970000-7fad2698a000 r-xp 00000000 fd:01 15214483                   /home/patrik/java/jdk1.8.0_191/jre/lib/amd64/libzip.so
7fad2698a000-7fad26b8a000 ---p 0001a000 fd:01 15214483                   /home/patrik/java/jdk1.8.0_191/jre/lib/amd64/libzip.so
7fad26b8a000-7fad26b8b000 r--p 0001a000 fd:01 15214483                   /home/patrik/java/jdk1.8.0_191/jre/lib/amd64/libzip.so
7fad26b8b000-7fad26b8c000 rw-p 0001b000 fd:01 15214483                   /home/patrik/java/jdk1.8.0_191/jre/lib/amd64/libzip.so
7fad26b8c000-7fad26b97000 r-xp 00000000 fd:01 14029579                   /lib/x86_64-linux-gnu/libnss_files-2.23.so
7fad26b97000-7fad26d96000 ---p 0000b000 fd:01 14029579                   /lib/x86_64-linux-gnu/libnss_files-2.23.so
7fad26d96000-7fad26d97000 r--p 0000a000 fd:01 14029579                   /lib/x86_64-linux-gnu/libnss_files-2.23.so
7fad26d97000-7fad26d98000 rw-p 0000b000 fd:01 14029579                   /lib/x86_64-linux-gnu/libnss_files-2.23.so
7fad26d98000-7fad26d9e000 rw-p 00000000 00:00 0 
7fad26d9e000-7fad26da9000 r-xp 00000000 fd:01 14029583                   /lib/x86_64-linux-gnu/libnss_nis-2.23.so
7fad26da9000-7fad26fa8000 ---p 0000b000 fd:01 14029583                   /lib/x86_64-linux-gnu/libnss_nis-2.23.so
7fad26fa8000-7fad26fa9000 r--p 0000a000 fd:01 14029583                   /lib/x86_64-linux-gnu/libnss_nis-2.23.so
7fad26fa9000-7fad26faa000 rw-p 0000b000 fd:01 14029583                   /lib/x86_64-linux-gnu/libnss_nis-2.23.so
7fad26faa000-7fad26fc0000 r-xp 00000000 fd:01 14029201                   /lib/x86_64-linux-gnu/libnsl-2.23.so
7fad26fc0000-7fad271bf000 ---p 00016000 fd:01 14029201                   /lib/x86_64-linux-gnu/libnsl-2.23.so
7fad271bf000-7fad271c0000 r--p 00015000 fd:01 14029201                   /lib/x86_64-linux-gnu/libnsl-2.23.so
7fad271c0000-7fad271c1000 rw-p 00016000 fd:01 14029201                   /lib/x86_64-linux-gnu/libnsl-2.23.so
7fad271c1000-7fad271c3000 rw-p 00000000 00:00 0 
7fad271c3000-7fad271cb000 r-xp 00000000 fd:01 14029574                   /lib/x86_64-linux-gnu/libnss_compat-2.23.so
7fad271cb000-7fad273ca000 ---p 00008000 fd:01 14029574                   /lib/x86_64-linux-gnu/libnss_compat-2.23.so
7fad273ca000-7fad273cb000 r--p 00007000 fd:01 14029574                   /lib/x86_64-linux-gnu/libnss_compat-2.23.so
7fad273cb000-7fad273cc000 rw-p 00008000 fd:01 14029574                   /lib/x86_64-linux-gnu/libnss_compat-2.23.so
7fad273cc000-7fad273f9000 r-xp 00000000 fd:01 15214477                   /home/patrik/java/jdk1.8.0_191/jre/lib/amd64/libjava.so
7fad273f9000-7fad275f8000 ---p 0002d000 fd:01 15214477                   /home/patrik/java/jdk1.8.0_191/jre/lib/amd64/libjava.so
7fad275f8000-7fad275f9000 r--p 0002c000 fd:01 15214477                   /home/patrik/java/jdk1.8.0_191/jre/lib/amd64/libjava.so
7fad275f9000-7fad275fb000 rw-p 0002d000 fd:01 15214477                   /home/patrik/java/jdk1.8.0_191/jre/lib/amd64/libjava.so
7fad275fb000-7fad27608000 r-xp 00000000 fd:01 15214482                   /home/patrik/java/jdk1.8.0_191/jre/lib/amd64/libverify.so
7fad27608000-7fad27807000 ---p 0000d000 fd:01 15214482                   /home/patrik/java/jdk1.8.0_191/jre/lib/amd64/libverify.so
7fad27807000-7fad27809000 r--p 0000c000 fd:01 15214482                   /home/patrik/java/jdk1.8.0_191/jre/lib/amd64/libverify.so
7fad27809000-7fad2780a000 rw-p 0000e000 fd:01 15214482                   /home/patrik/java/jdk1.8.0_191/jre/lib/amd64/libverify.so
7fad2780a000-7fad27811000 r-xp 00000000 fd:01 14029584                   /lib/x86_64-linux-gnu/librt-2.23.so
7fad27811000-7fad27a10000 ---p 00007000 fd:01 14029584                   /lib/x86_64-linux-gnu/librt-2.23.so
7fad27a10000-7fad27a11000 r--p 00006000 fd:01 14029584                   /lib/x86_64-linux-gnu/librt-2.23.so
7fad27a11000-7fad27a12000 rw-p 00007000 fd:01 14029584                   /lib/x86_64-linux-gnu/librt-2.23.so
7fad27a12000-7fad27b1a000 r-xp 00000000 fd:01 14024730                   /lib/x86_64-linux-gnu/libm-2.23.so
7fad27b1a000-7fad27d19000 ---p 00108000 fd:01 14024730                   /lib/x86_64-linux-gnu/libm-2.23.so
7fad27d19000-7fad27d1a000 r--p 00107000 fd:01 14024730                   /lib/x86_64-linux-gnu/libm-2.23.so
7fad27d1a000-7fad27d1b000 rw-p 00108000 fd:01 14024730                   /lib/x86_64-linux-gnu/libm-2.23.so
7fad27d1b000-7fad289fd000 r-xp 00000000 fd:01 15214459                   /home/patrik/java/jdk1.8.0_191/jre/lib/amd64/server/libjvm.so
7fad289fd000-7fad28bfd000 ---p 00ce2000 fd:01 15214459                   /home/patrik/java/jdk1.8.0_191/jre/lib/amd64/server/libjvm.so
7fad28bfd000-7fad28c93000 r--p 00ce2000 fd:01 15214459                   /home/patrik/java/jdk1.8.0_191/jre/lib/amd64/server/libjvm.so
7fad28c93000-7fad28cc4000 rw-p 00d78000 fd:01 15214459                   /home/patrik/java/jdk1.8.0_191/jre/lib/amd64/server/libjvm.so
7fad28cc4000-7fad28cff000 rw-p 00000000 00:00 0 
7fad28cff000-7fad28ebf000 r-xp 00000000 fd:01 14029566                   /lib/x86_64-linux-gnu/libc-2.23.so
7fad28ebf000-7fad290bf000 ---p 001c0000 fd:01 14029566                   /lib/x86_64-linux-gnu/libc-2.23.so
7fad290bf000-7fad290c3000 r--p 001c0000 fd:01 14029566                   /lib/x86_64-linux-gnu/libc-2.23.so
7fad290c3000-7fad290c5000 rw-p 001c4000 fd:01 14029566                   /lib/x86_64-linux-gnu/libc-2.23.so
7fad290c5000-7fad290c9000 rw-p 00000000 00:00 0 
7fad290c9000-7fad290cc000 r-xp 00000000 fd:01 14029568                   /lib/x86_64-linux-gnu/libdl-2.23.so
7fad290cc000-7fad292cb000 ---p 00003000 fd:01 14029568                   /lib/x86_64-linux-gnu/libdl-2.23.so
7fad292cb000-7fad292cc000 r--p 00002000 fd:01 14029568                   /lib/x86_64-linux-gnu/libdl-2.23.so
7fad292cc000-7fad292cd000 rw-p 00003000 fd:01 14029568                   /lib/x86_64-linux-gnu/libdl-2.23.so
7fad292cd000-7fad292e4000 r-xp 00000000 fd:01 15215076                   /home/patrik/java/jdk1.8.0_191/lib/amd64/jli/libjli.so
7fad292e4000-7fad294e3000 ---p 00017000 fd:01 15215076                   /home/patrik/java/jdk1.8.0_191/lib/amd64/jli/libjli.so
7fad294e3000-7fad294e4000 r--p 00016000 fd:01 15215076                   /home/patrik/java/jdk1.8.0_191/lib/amd64/jli/libjli.so
7fad294e4000-7fad294e5000 rw-p 00017000 fd:01 15215076                   /home/patrik/java/jdk1.8.0_191/lib/amd64/jli/libjli.so
7fad294e5000-7fad294fd000 r-xp 00000000 fd:01 14029387                   /lib/x86_64-linux-gnu/libpthread-2.23.so
7fad294fd000-7fad296fc000 ---p 00018000 fd:01 14029387                   /lib/x86_64-linux-gnu/libpthread-2.23.so
7fad296fc000-7fad296fd000 r--p 00017000 fd:01 14029387                   /lib/x86_64-linux-gnu/libpthread-2.23.so
7fad296fd000-7fad296fe000 rw-p 00018000 fd:01 14029387                   /lib/x86_64-linux-gnu/libpthread-2.23.so
7fad296fe000-7fad29702000 rw-p 00000000 00:00 0 
7fad29702000-7fad29728000 r-xp 00000000 fd:01 14029386                   /lib/x86_64-linux-gnu/ld-2.23.so
7fad29741000-7fad297fc000 rw-p 00000000 00:00 0 
7fad297fc000-7fad297ff000 ---p 00000000 00:00 0 
7fad297ff000-7fad29902000 rw-p 00000000 00:00 0 
7fad2991b000-7fad2991d000 r--s 00001000 fd:01 15214332                   /home/patrik/java/jdk1.8.0_191/jre/lib/ext/dnsns.jar
7fad2991d000-7fad29925000 rw-s 00000000 fd:01 1966109                    /tmp/hsperfdata_patrik/30602
7fad29925000-7fad29926000 rw-p 00000000 00:00 0 
7fad29926000-7fad29927000 r--p 00000000 00:00 0 
7fad29927000-7fad29928000 r--p 00025000 fd:01 14029386                   /lib/x86_64-linux-gnu/ld-2.23.so
7fad29928000-7fad29929000 rw-p 00026000 fd:01 14029386                   /lib/x86_64-linux-gnu/ld-2.23.so
7fad29929000-7fad2992a000 rw-p 00000000 00:00 0 
7ffef5082000-7ffef50a3000 rw-p 00000000 00:00 0                          [stack]
7ffef5138000-7ffef513a000 r--p 00000000 00:00 0                          [vvar]
7ffef513a000-7ffef513c000 r-xp 00000000 00:00 0                          [vdso]
ffffffffff600000-ffffffffff601000 r-xp 00000000 00:00 0                  [vsyscall]

VM Arguments:
java_command: build/libs/dota-hue.jar server src/main/resources/deployment.yml
java_class_path (initial): build/libs/dota-hue.jar
Launcher Type: SUN_STANDARD

Environment Variables:
JAVA_HOME=/home/patrik/java/jdk1.8.0_191
PATH=/home/patrik/.nvm/versions/node/v10.13.0/bin:/home/patrik/bin:/home/patrik/.local/bin:/home/patrik/java/jdk1.8.0_191/bin:/usr/local/sbin:/usr/local/bin:/usr/sbin:/usr/bin:/sbin:/bin:/usr/games:/usr/local/games
SHELL=/usr/bin/zsh
DISPLAY=:0

Signal Handlers:
SIGSEGV: [libjvm.so+0xaced60], sa_mask[0]=11111111011111111101111111111110, sa_flags=SA_RESTART|SA_SIGINFO
SIGBUS: [libjvm.so+0xaced60], sa_mask[0]=11111111011111111101111111111110, sa_flags=SA_RESTART|SA_SIGINFO
SIGFPE: [libjvm.so+0x907ca0], sa_mask[0]=11111111011111111101111111111110, sa_flags=SA_RESTART|SA_SIGINFO
SIGPIPE: [libjvm.so+0x907ca0], sa_mask[0]=11111111011111111101111111111110, sa_flags=SA_RESTART|SA_SIGINFO
SIGXFSZ: [libjvm.so+0x907ca0], sa_mask[0]=11111111011111111101111111111110, sa_flags=SA_RESTART|SA_SIGINFO
SIGILL: [libjvm.so+0x907ca0], sa_mask[0]=11111111011111111101111111111110, sa_flags=SA_RESTART|SA_SIGINFO
SIGUSR1: SIG_DFL, sa_mask[0]=00000000000000000000000000000000, sa_flags=none
SIGUSR2: [libjvm.so+0x907b70], sa_mask[0]=00000000000000000000000000000000, sa_flags=SA_RESTART|SA_SIGINFO
SIGHUP: [libjvm.so+0x908190], sa_mask[0]=11111111011111111101111111111110, sa_flags=SA_RESTART|SA_SIGINFO
SIGINT: [libjvm.so+0x908190], sa_mask[0]=11111111011111111101111111111110, sa_flags=SA_RESTART|SA_SIGINFO
SIGTERM: [libjvm.so+0x908190], sa_mask[0]=11111111011111111101111111111110, sa_flags=SA_RESTART|SA_SIGINFO
SIGQUIT: [libjvm.so+0x908190], sa_mask[0]=11111111011111111101111111111110, sa_flags=SA_RESTART|SA_SIGINFO


---------------  S Y S T E M  ---------------

OS:DISTRIB_ID=LinuxMint
DISTRIB_RELEASE=18.2
DISTRIB_CODENAME=sonya
DISTRIB_DESCRIPTION="Linux Mint 18.2 Sonya"

uname:Linux 4.8.0-53-generic #56~16.04.1-Ubuntu SMP Tue May 16 01:18:56 UTC 2017 x86_64
libc:glibc 2.23 NPTL 2.23 
rlimit: STACK 8192k, CORE 0k, NPROC 77803, NOFILE 1048576, AS infinity
load average:1,48 0,92 0,72

/proc/meminfo:
MemTotal:       19964128 kB
MemFree:         4398600 kB
MemAvailable:    8300492 kB
Buffers:          759088 kB
Cached:          3802772 kB
SwapCached:            0 kB
Active:         12232208 kB
Inactive:        2469300 kB
Active(anon):   10142736 kB
Inactive(anon):   738776 kB
Active(file):    2089472 kB
Inactive(file):  1730524 kB
Unevictable:         176 kB
Mlocked:             176 kB
SwapTotal:      20369404 kB
SwapFree:       20369404 kB
Dirty:              7320 kB
Writeback:             0 kB
AnonPages:       9982848 kB
Mapped:           809236 kB
Shmem:            741868 kB
Slab:             599988 kB
SReclaimable:     446432 kB
SUnreclaim:       153556 kB
KernelStack:       29168 kB
PageTables:        94828 kB
NFS_Unstable:          0 kB
Bounce:                0 kB
WritebackTmp:          0 kB
CommitLimit:    30351468 kB
Committed_AS:   26127520 kB
VmallocTotal:   34359738367 kB
VmallocUsed:           0 kB
VmallocChunk:          0 kB
HardwareCorrupted:     0 kB
AnonHugePages:   5789696 kB
ShmemHugePages:        0 kB
ShmemPmdMapped:        0 kB
CmaTotal:              0 kB
CmaFree:               0 kB
HugePages_Total:       0
HugePages_Free:        0
HugePages_Rsvd:        0
HugePages_Surp:        0
Hugepagesize:       2048 kB
DirectMap4k:      394964 kB
DirectMap2M:    17876992 kB
DirectMap1G:     2097152 kB

container (cgroup) information:
container_type: cgroupv1
cpu_cpuset_cpus: 0-3
cpu_memory_nodes: 0
active_processor_count: 4
cpu_quota: -1
cpu_period: 100000
cpu_shares: -1
memory_limit_in_bytes: -1
memory_and_swap_limit_in_bytes: -2
memory_soft_limit_in_bytes: -1
memory_usage_in_bytes: 10387402752
memory_max_usage_in_bytes: 10981511168


CPU:total 4 (initial active 4) (2 cores per cpu, 2 threads per core) family 6 model 78 stepping 3, cmov, cx8, fxsr, mmx, sse, sse2, sse3, ssse3, sse4.1, sse4.2, popcnt, avx, avx2, aes, clmul, erms, rtm, 3dnowpref, lzcnt, ht, tsc, tscinvbit, bmi1, bmi2, adx

/proc/cpuinfo:
processor	: 0
vendor_id	: GenuineIntel
cpu family	: 6
model		: 78
model name	: Intel(R) Core(TM) i7-6600U CPU @ 2.60GHz
stepping	: 3
microcode	: 0xa2
cpu MHz		: 2512.036
cache size	: 4096 KB
physical id	: 0
siblings	: 4
core id		: 0
cpu cores	: 2
apicid		: 0
initial apicid	: 0
fpu		: yes
fpu_exception	: yes
cpuid level	: 22
wp		: yes
flags		: fpu vme de pse tsc msr pae mce cx8 apic sep mtrr pge mca cmov pat pse36 clflush dts acpi mmx fxsr sse sse2 ss ht tm pbe syscall nx pdpe1gb rdtscp lm constant_tsc art arch_perfmon pebs bts rep_good nopl xtopology nonstop_tsc aperfmperf eagerfpu pni pclmulqdq dtes64 monitor ds_cpl vmx smx est tm2 ssse3 sdbg fma cx16 xtpr pdcm pcid sse4_1 sse4_2 x2apic movbe popcnt tsc_deadline_timer aes xsave avx f16c rdrand lahf_lm abm 3dnowprefetch epb intel_pt tpr_shadow vnmi flexpriority ept vpid fsgsbase tsc_adjust bmi1 hle avx2 smep bmi2 erms invpcid rtm mpx rdseed adx smap clflushopt xsaveopt xsavec xgetbv1 xsaves dtherm ida arat pln pts hwp hwp_notify hwp_act_window hwp_epp
bugs		:
bogomips	: 5616.00
clflush size	: 64
cache_alignment	: 64
address sizes	: 39 bits physical, 48 bits virtual
power management:

processor	: 1
vendor_id	: GenuineIntel
cpu family	: 6
model		: 78
model name	: Intel(R) Core(TM) i7-6600U CPU @ 2.60GHz
stepping	: 3
microcode	: 0xa2
cpu MHz		: 2376.342
cache size	: 4096 KB
physical id	: 0
siblings	: 4
core id		: 1
cpu cores	: 2
apicid		: 2
initial apicid	: 2
fpu		: yes
fpu_exception	: yes
cpuid level	: 22
wp		: yes
flags		: fpu vme de pse tsc msr pae mce cx8 apic sep mtrr pge mca cmov pat pse36 clflush dts acpi mmx fxsr sse sse2 ss ht tm pbe syscall nx pdpe1gb rdtscp lm constant_tsc art arch_perfmon pebs bts rep_good nopl xtopology nonstop_tsc aperfmperf eagerfpu pni pclmulqdq dtes64 monitor ds_cpl vmx smx est tm2 ssse3 sdbg fma cx16 xtpr pdcm pcid sse4_1 sse4_2 x2apic movbe popcnt tsc_deadline_timer aes xsave avx f16c rdrand lahf_lm abm 3dnowprefetch epb intel_pt tpr_shadow vnmi flexpriority ept vpid fsgsbase tsc_adjust bmi1 hle avx2 smep bmi2 erms invpcid rtm mpx rdseed adx smap clflushopt xsaveopt xsavec xgetbv1 xsaves dtherm ida arat pln pts hwp hwp_notify hwp_act_window hwp_epp
bugs		:
bogomips	: 5616.00
clflush size	: 64
cache_alignment	: 64
address sizes	: 39 bits physical, 48 bits virtual
power management:

processor	: 2
vendor_id	: GenuineIntel
cpu family	: 6
model		: 78
model name	: Intel(R) Core(TM) i7-6600U CPU @ 2.60GHz
stepping	: 3
microcode	: 0xa2
cpu MHz		: 2216.723
cache size	: 4096 KB
physical id	: 0
siblings	: 4
core id		: 0
cpu cores	: 2
apicid		: 1
initial apicid	: 1
fpu		: yes
fpu_exception	: yes
cpuid level	: 22
wp		: yes
flags		: fpu vme de pse tsc msr pae mce cx8 apic sep mtrr pge mca cmov pat pse36 clflush dts acpi mmx fxsr sse sse2 ss ht tm pbe syscall nx pdpe1gb rdtscp lm constant_tsc art arch_perfmon pebs bts rep_good nopl xtopology nonstop_tsc aperfmperf eagerfpu pni pclmulqdq dtes64 monitor ds_cpl vmx smx est tm2 ssse3 sdbg fma cx16 xtpr pdcm pcid sse4_1 sse4_2 x2apic movbe popcnt tsc_deadline_timer aes xsave avx f16c rdrand lahf_lm abm 3dnowprefetch epb intel_pt tpr_shadow vnmi flexpriority ept vpid fsgsbase tsc_adjust bmi1 hle avx2 smep bmi2 erms invpcid rtm mpx rdseed adx smap clflushopt xsaveopt xsavec xgetbv1 xsaves dtherm ida arat pln pts hwp hwp_notify hwp_act_window hwp_epp
bugs		:
bogomips	: 5616.00
clflush size	: 64
cache_alignment	: 64
address sizes	: 39 bits physical, 48 bits virtual
power management:

processor	: 3
vendor_id	: GenuineIntel
cpu family	: 6
model		: 78
model name	: Intel(R) Core(TM) i7-6600U CPU @ 2.60GHz
stepping	: 3
microcode	: 0xa2
cpu MHz		: 1848.779
cache size	: 4096 KB
physical id	: 0
siblings	: 4
core id		: 1
cpu cores	: 2
apicid		: 3
initial apicid	: 3
fpu		: yes
fpu_exception	: yes
cpuid level	: 22
wp		: yes
flags		: fpu vme de pse tsc msr pae mce cx8 apic sep mtrr pge mca cmov pat pse36 clflush dts acpi mmx fxsr sse sse2 ss ht tm pbe syscall nx pdpe1gb rdtscp lm constant_tsc art arch_perfmon pebs bts rep_good nopl xtopology nonstop_tsc aperfmperf eagerfpu pni pclmulqdq dtes64 monitor ds_cpl vmx smx est tm2 ssse3 sdbg fma cx16 xtpr pdcm pcid sse4_1 sse4_2 x2apic movbe popcnt tsc_deadline_timer aes xsave avx f16c rdrand lahf_lm abm 3dnowprefetch epb intel_pt tpr_shadow vnmi flexpriority ept vpid fsgsbase tsc_adjust bmi1 hle avx2 smep bmi2 erms invpcid rtm mpx rdseed adx smap clflushopt xsaveopt xsavec xgetbv1 xsaves dtherm ida arat pln pts hwp hwp_notify hwp_act_window hwp_epp
bugs		:
bogomips	: 5616.00
clflush size	: 64
cache_alignment	: 64
address sizes	: 39 bits physical, 48 bits virtual
power management:



Memory: 4k page, physical 19964128k(4398600k free), swap 20369404k(20369404k free)

vm_info: Java HotSpot(TM) 64-Bit Server VM (25.191-b12) for linux-amd64 JRE (1.8.0_191-b12), built on Oct  6 2018 05:43:09 by "java_re" with gcc 7.3.0

time: Wed Feb  6 15:14:08 2019
elapsed time: 53 seconds (0d 0h 0m 53s)

